[debug] [2023-08-12T20:11:52.924Z] ----------------------------------------------------------------------
[debug] [2023-08-12T20:11:52.928Z] Command:       /usr/local/bin/node /usr/local/bin/firebase init
[debug] [2023-08-12T20:11:52.928Z] CLI Version:   12.4.7
[debug] [2023-08-12T20:11:52.929Z] Platform:      darwin
[debug] [2023-08-12T20:11:52.929Z] Node Version:  v18.9.1
[debug] [2023-08-12T20:11:52.950Z] Time:          Sat Aug 12 2023 22:11:52 GMT+0200 (heure d’été d’Europe centrale)
[debug] [2023-08-12T20:11:52.950Z] ----------------------------------------------------------------------
[debug] 
[debug] [2023-08-12T20:11:52.957Z] > command requires scopes: ["email","openid","https://www.googleapis.com/auth/cloudplatformprojects.readonly","https://www.googleapis.com/auth/firebase","https://www.googleapis.com/auth/cloud-platform"]
[debug] [2023-08-12T20:11:52.957Z] > authorizing via signed-in user (bens@xn--bdssocit-h1ab.com)
[info] 
     ######## #### ########  ######## ########     ###     ######  ########
     ##        ##  ##     ## ##       ##     ##  ##   ##  ##       ##
     ######    ##  ########  ######   ########  #########  ######  ######
     ##        ##  ##    ##  ##       ##     ## ##     ##       ## ##
     ##       #### ##     ## ######## ########  ##     ##  ######  ########

You're about to initialize a Firebase project in this directory:

  /Users/merrilbeneditodossantos/Documents/Bureau2/fathersociety

[info] 
=== Project Setup
[info] 
[info] First, let's associate this project directory with a Firebase project.
[info] You can create multiple project aliases by running firebase use --add, 
[info] but for now we'll just set up a default project.
[info] 
[debug] [2023-08-12T20:13:30.170Z] >>> [apiv2][query] GET https://firebase.googleapis.com/v1beta1/projects pageSize=100
[debug] [2023-08-12T20:13:31.163Z] <<< [apiv2][status] GET https://firebase.googleapis.com/v1beta1/projects 200
[debug] [2023-08-12T20:13:31.163Z] <<< [apiv2][body] GET https://firebase.googleapis.com/v1beta1/projects [omitted]
[info] i  Using project bdssociete-1 (Bdssociete) 
[info] 
=== Hosting Setup
[info] 
[info] Your public directory is the folder (relative to your project directory) that
[info] will contain Hosting assets to be uploaded with firebase deploy. If you
[info] have a build process for your assets, use your build's output directory.
[info] 
